TN:
SF:src/Counter.sol
FN:7,Counter.setNumber
FNDA:0,Counter.setNumber
DA:8,0
FN:11,Counter.increment
FNDA:0,Counter.increment
DA:12,0
FNF:2
FNH:0
LF:2
LH:0
BRF:0
BRH:0
end_of_record
TN:
SF:src/UniswapV2ERC20.sol
FN:41,UniswapV2ERC20._mint
FNDA:88,UniswapV2ERC20._mint
DA:42,88
DA:43,88
DA:44,88
FN:47,UniswapV2ERC20._burn
FNDA:11,UniswapV2ERC20._burn
DA:48,11
DA:49,11
DA:50,11
FN:53,UniswapV2ERC20._approve
FNDA:6,UniswapV2ERC20._approve
DA:54,6
DA:55,6
FN:58,UniswapV2ERC20._transfer
FNDA:11,UniswapV2ERC20._transfer
DA:59,11
DA:60,11
DA:61,11
FN:64,UniswapV2ERC20.approve
FNDA:6,UniswapV2ERC20.approve
DA:65,6
DA:66,6
FN:69,UniswapV2ERC20.transfer
FNDA:5,UniswapV2ERC20.transfer
DA:70,5
DA:71,5
FN:74,UniswapV2ERC20.transferFrom
FNDA:6,UniswapV2ERC20.transferFrom
DA:79,6
BRDA:79,0,0,4
BRDA:79,0,1,6
DA:80,4
DA:84,6
DA:85,6
FN:88,UniswapV2ERC20.permit
FNDA:0,UniswapV2ERC20.permit
DA:97,0
BRDA:97,1,0,-
BRDA:97,1,1,-
DA:98,0
DA:114,0
DA:115,0
BRDA:115,2,0,-
BRDA:115,2,1,-
DA:119,0
FNF:8
FNH:7
LF:24
LH:19
BRF:6
BRH:2
end_of_record
TN:
SF:src/UniswapV2Factory.sol
FN:22,UniswapV2Factory.allPairsLength
FNDA:2,UniswapV2Factory.allPairsLength
DA:23,2
FN:26,UniswapV2Factory.createPair
FNDA:22,UniswapV2Factory.createPair
DA:30,22
BRDA:30,0,0,1
BRDA:30,0,1,21
DA:32,21
DA:35,21
BRDA:35,1,0,1
BRDA:35,1,1,20
DA:36,20
BRDA:36,2,0,1
BRDA:36,2,1,19
DA:40,19
DA:41,19
DA:43,19
DA:45,19
DA:46,19
DA:47,19
DA:48,19
DA:49,19
FN:52,UniswapV2Factory.setFeeTo
FNDA:2,UniswapV2Factory.setFeeTo
DA:53,2
BRDA:53,3,0,1
BRDA:53,3,1,1
DA:54,1
FN:57,UniswapV2Factory.setFeeToSetter
FNDA:2,UniswapV2Factory.setFeeToSetter
DA:58,2
BRDA:58,4,0,1
BRDA:58,4,1,1
DA:59,1
FNF:4
FNH:4
LF:17
LH:17
BRF:10
BRH:10
end_of_record
TN:
SF:src/UniswapV2Pair.sol
FN:40,UniswapV2Pair.getReserves
FNDA:48,UniswapV2Pair.getReserves
DA:49,126
DA:50,126
DA:51,126
FN:54,UniswapV2Pair._safeTransfer
FNDA:38,UniswapV2Pair._safeTransfer
DA:55,38
DA:58,38
BRDA:58,0,0,-
BRDA:58,0,1,38
FN:69,UniswapV2Pair.initialize
FNDA:19,UniswapV2Pair.initialize
DA:70,19
BRDA:70,1,0,-
BRDA:70,1,1,19
DA:71,19
DA:72,19
FN:76,UniswapV2Pair._update
FNDA:78,UniswapV2Pair._update
DA:82,78
BRDA:82,2,0,-
BRDA:82,2,1,78
DA:86,78
DA:87,78
DA:88,78
BRDA:88,3,0,7
BRDA:88,3,1,78
DA:90,7
DA:93,7
DA:97,78
DA:98,78
DA:99,78
DA:100,78
FN:104,UniswapV2Pair._mintFee
FNDA:63,UniswapV2Pair._mintFee
DA:108,63
DA:109,63
DA:110,63
DA:111,63
BRDA:111,4,0,-
BRDA:111,4,1,-
DA:112,30
BRDA:112,5,0,-
BRDA:112,5,1,-
DA:113,10
DA:114,10
DA:115,10
BRDA:115,6,0,-
BRDA:115,6,1,-
DA:116,0
DA:117,0
DA:118,0
DA:119,0
BRDA:119,7,0,-
BRDA:119,7,1,-
DA:122,33
BRDA:122,8,0,-
BRDA:122,8,1,33
DA:123,0
FN:127,UniswapV2Pair.mint
FNDA:50,UniswapV2Pair.mint
DA:128,50
DA:129,50
DA:130,50
DA:131,50
DA:132,50
DA:134,50
DA:135,50
DA:136,50
BRDA:136,9,0,41
BRDA:136,9,1,9
DA:137,41
DA:138,40
DA:140,9
DA:145,49
BRDA:145,10,0,1
BRDA:145,10,1,48
DA:146,48
DA:148,48
DA:149,48
BRDA:149,11,0,22
BRDA:149,11,1,48
DA:150,48
FN:154,UniswapV2Pair.burn
FNDA:13,UniswapV2Pair.burn
DA:157,13
DA:158,13
DA:159,13
DA:160,13
DA:161,13
DA:162,13
DA:164,13
DA:165,13
DA:166,13
DA:167,12
DA:168,12
BRDA:168,12,0,1
BRDA:168,12,1,11
DA:172,11
DA:173,11
DA:174,11
DA:175,11
DA:176,11
DA:178,11
DA:179,11
BRDA:179,13,0,4
BRDA:179,13,1,11
DA:180,11
FN:184,UniswapV2Pair.swap
FNDA:16,UniswapV2Pair.swap
DA:190,16
BRDA:190,14,0,1
BRDA:190,14,1,15
DA:194,15
DA:195,15
BRDA:195,15,0,2
BRDA:195,15,1,13
DA:200,13
DA:201,13
DA:204,13
DA:205,13
DA:207,13
BRDA:207,16,0,-
BRDA:207,16,1,13
DA:208,13
BRDA:208,17,0,4
BRDA:208,17,1,13
DA:209,13
BRDA:209,18,0,10
BRDA:209,18,1,13
DA:210,13
BRDA:210,19,0,-
BRDA:210,19,1,-
DA:211,0
DA:217,13
DA:218,13
DA:220,13
DA:223,13
DA:226,13
BRDA:226,20,0,-
BRDA:226,20,1,13
DA:232,13
DA:233,13
DA:234,13
BRDA:234,21,0,2
BRDA:234,21,1,11
DA:241,11
DA:242,11
FN:246,UniswapV2Pair.skim
FNDA:1,UniswapV2Pair.skim
DA:247,1
DA:248,1
DA:249,1
DA:254,1
FN:262,UniswapV2Pair.sync
FNDA:8,UniswapV2Pair.sync
DA:263,8
FNF:10
FNH:10
LF:94
LH:88
BRF:44
BRH:28
end_of_record
TN:
SF:src/UniswapV2Router02.sol
FN:39,UniswapV2Router02._addLiquidity
FNDA:18,UniswapV2Router02._addLiquidity
DA:48,18
BRDA:48,0,0,-
BRDA:48,0,1,13
DA:49,13
DA:51,18
DA:56,18
BRDA:56,1,0,13
BRDA:56,1,1,5
DA:57,13
DA:59,5
DA:64,5
BRDA:64,2,0,-
BRDA:64,2,1,3
DA:65,3
BRDA:65,3,0,-
BRDA:65,3,1,3
DA:69,3
DA:71,2
DA:76,2
BRDA:76,4,0,-
BRDA:76,4,1,2
DA:77,2
BRDA:77,5,0,1
BRDA:77,5,1,1
DA:81,1
FN:86,UniswapV2Router02.addLiquidity
FNDA:16,UniswapV2Router02.addLiquidity
DA:102,16
DA:111,15
DA:112,15
DA:113,15
DA:114,15
FN:117,UniswapV2Router02.addLiquidityETH
FNDA:2,UniswapV2Router02.addLiquidityETH
DA:132,2
DA:140,2
DA:141,2
DA:142,2
DA:143,2
BRDA:143,6,0,-
BRDA:143,6,1,2
DA:144,2
DA:146,2
BRDA:146,7,0,-
BRDA:146,7,1,2
DA:147,0
FN:151,UniswapV2Router02.removeLiquidity
FNDA:5,UniswapV2Router02.removeLiquidity
DA:166,6
DA:167,6
DA:172,6
DA:173,6
DA:174,6
DA:177,6
BRDA:177,8,0,1
BRDA:177,8,1,5
DA:181,5
BRDA:181,9,0,1
BRDA:181,9,1,4
FN:187,UniswapV2Router02.removeLiquidityETH
FNDA:1,UniswapV2Router02.removeLiquidityETH
DA:201,1
DA:210,1
DA:211,1
DA:212,1
FN:216,UniswapV2Router02.removeLiquidityWithPermit
FNDA:0,UniswapV2Router02.removeLiquidityWithPermit
DA:229,0
DA:230,0
DA:231,0
DA:240,0
FN:251,UniswapV2Router02.removeLiquidityETHWithPermit
FNDA:0,UniswapV2Router02.removeLiquidityETHWithPermit
DA:268,0
DA:269,0
DA:270,0
DA:279,0
FN:290,UniswapV2Router02.removeLiquidityETHSupportingFeeOnTransferTokens
FNDA:0,UniswapV2Router02.removeLiquidityETHSupportingFeeOnTransferTokens
DA:298,0
DA:307,0
DA:312,0
DA:313,0
FN:316,UniswapV2Router02.removeLiquidityETHWithPermitSupportingFeeOnTransferTokens
FNDA:0,UniswapV2Router02.removeLiquidityETHWithPermitSupportingFeeOnTransferTokens
DA:328,0
DA:329,0
DA:330,0
DA:339,0
FN:351,UniswapV2Router02._swap
FNDA:2,UniswapV2Router02._swap
DA:356,2
DA:357,4
DA:358,4
DA:359,4
DA:360,4
DA:363,4
DA:366,4
FN:371,UniswapV2Router02.swapExactTokensForTokens
FNDA:1,UniswapV2Router02.swapExactTokensForTokens
DA:384,1
DA:385,1
BRDA:385,10,0,-
BRDA:385,10,1,1
DA:389,1
DA:395,1
FN:398,UniswapV2Router02.swapTokensForExactTokens
FNDA:1,UniswapV2Router02.swapTokensForExactTokens
DA:411,1
DA:412,1
BRDA:412,11,0,-
BRDA:412,11,1,1
DA:416,1
DA:422,1
FN:425,UniswapV2Router02.swapExactETHForTokens
FNDA:0,UniswapV2Router02.swapExactETHForTokens
DA:438,0
BRDA:438,12,0,-
BRDA:438,12,1,-
DA:439,0
DA:440,0
BRDA:440,13,0,-
BRDA:440,13,1,-
DA:444,0
DA:445,0
BRDA:445,14,0,-
BRDA:445,14,1,-
DA:451,0
FN:454,UniswapV2Router02.swapTokensForExactETH
FNDA:0,UniswapV2Router02.swapTokensForExactETH
DA:467,0
BRDA:467,15,0,-
BRDA:467,15,1,-
DA:468,0
DA:469,0
BRDA:469,16,0,-
BRDA:469,16,1,-
DA:473,0
DA:479,0
DA:480,0
DA:481,0
FN:484,UniswapV2Router02.swapExactTokensForETH
FNDA:0,UniswapV2Router02.swapExactTokensForETH
DA:497,0
BRDA:497,17,0,-
BRDA:497,17,1,-
DA:498,0
DA:499,0
BRDA:499,18,0,-
BRDA:499,18,1,-
DA:503,0
DA:509,0
DA:510,0
DA:511,0
FN:514,UniswapV2Router02.swapETHForExactTokens
FNDA:0,UniswapV2Router02.swapETHForExactTokens
DA:527,0
BRDA:527,19,0,-
BRDA:527,19,1,-
DA:528,0
DA:529,0
BRDA:529,20,0,-
BRDA:529,20,1,-
DA:533,0
DA:534,0
BRDA:534,21,0,-
BRDA:534,21,1,-
DA:540,0
DA:542,0
BRDA:542,22,0,-
BRDA:542,22,1,-
DA:543,0
FN:548,UniswapV2Router02._swapSupportingFeeOnTransferTokens
FNDA:0,UniswapV2Router02._swapSupportingFeeOnTransferTokens
DA:552,0
DA:553,0
DA:554,0
DA:555,0
DA:558,0
DA:559,0
DA:562,0
DA:563,0
DA:566,0
DA:569,0
DA:575,0
DA:578,0
DA:581,0
FN:585,UniswapV2Router02.swapExactTokensForTokensSupportingFeeOnTransferTokens
FNDA:0,UniswapV2Router02.swapExactTokensForTokensSupportingFeeOnTransferTokens
DA:592,0
DA:598,0
DA:599,0
DA:600,0
BRDA:600,23,0,-
BRDA:600,23,1,-
FN:607,UniswapV2Router02.swapExactETHForTokensSupportingFeeOnTransferTokens
FNDA:0,UniswapV2Router02.swapExactETHForTokensSupportingFeeOnTransferTokens
DA:613,0
BRDA:613,24,0,-
BRDA:613,24,1,-
DA:614,0
DA:615,0
DA:616,0
BRDA:616,25,0,-
BRDA:616,25,1,-
DA:622,0
DA:623,0
DA:624,0
BRDA:624,26,0,-
BRDA:624,26,1,-
FN:631,UniswapV2Router02.swapExactTokensForETHSupportingFeeOnTransferTokens
FNDA:0,UniswapV2Router02.swapExactTokensForETHSupportingFeeOnTransferTokens
DA:638,0
BRDA:638,27,0,-
BRDA:638,27,1,-
DA:639,0
DA:645,0
DA:646,0
DA:647,0
BRDA:647,28,0,-
BRDA:647,28,1,-
DA:651,0
DA:652,0
FN:656,UniswapV2Router02.quote
FNDA:0,UniswapV2Router02.quote
DA:661,0
FN:664,UniswapV2Router02.getAmountOut
FNDA:0,UniswapV2Router02.getAmountOut
DA:669,0
FN:672,UniswapV2Router02.getAmountIn
FNDA:0,UniswapV2Router02.getAmountIn
DA:677,0
FN:680,UniswapV2Router02.getAmountsOut
FNDA:0,UniswapV2Router02.getAmountsOut
DA:684,0
FN:687,UniswapV2Router02.getAmountsIn
FNDA:0,UniswapV2Router02.getAmountsIn
DA:691,0
FNF:25
FNH:8
LF:132
LH:51
BRF:58
BRH:16
end_of_record
TN:
SF:src/libraries/Math.sol
FN:7,Math.min
FNDA:9,Math.min
DA:8,9
FN:12,Math.sqrt
FNDA:61,Math.sqrt
DA:13,61
BRDA:13,0,0,3350
BRDA:13,0,1,60
DA:14,60
DA:15,60
DA:16,3410
DA:17,3350
DA:18,3350
DA:20,1
BRDA:20,1,0,-
BRDA:20,1,1,1
DA:21,0
FNF:2
FNH:2
LF:9
LH:8
BRF:4
BRH:3
end_of_record
TN:
SF:src/libraries/SafeMath.sol
FN:7,SafeMath.add
FNDA:0,SafeMath.add
DA:8,0
BRDA:8,0,0,-
BRDA:8,0,1,-
FN:11,SafeMath.sub
FNDA:0,SafeMath.sub
DA:12,0
BRDA:12,1,0,-
BRDA:12,1,1,-
FN:15,SafeMath.mul
FNDA:0,SafeMath.mul
DA:16,0
BRDA:16,2,0,-
BRDA:16,2,1,-
FNF:3
FNH:0
LF:3
LH:0
BRF:6
BRH:0
end_of_record
TN:
SF:src/libraries/TransferHelper.sol
FN:7,TransferHelper.safeApprove
FNDA:0,TransferHelper.safeApprove
DA:9,0
DA:12,0
BRDA:12,0,0,-
BRDA:12,0,1,-
FN:18,TransferHelper.safeTransfer
FNDA:1,TransferHelper.safeTransfer
DA:20,1
DA:23,1
BRDA:23,1,0,-
BRDA:23,1,1,1
FN:29,TransferHelper.safeTransferFrom
FNDA:34,TransferHelper.safeTransferFrom
DA:36,34
DA:39,34
BRDA:39,2,0,-
BRDA:39,2,1,34
FN:45,TransferHelper.safeTransferETH
FNDA:1,TransferHelper.safeTransferETH
DA:46,1
DA:47,1
BRDA:47,3,0,-
BRDA:47,3,1,1
FNF:4
FNH:3
LF:8
LH:6
BRF:8
BRH:3
end_of_record
TN:
SF:src/libraries/UQ112x112.sol
FN:13,UQ112x112.encode
FNDA:0,UQ112x112.encode
DA:14,0
FN:18,UQ112x112.uqdiv
FNDA:0,UQ112x112.uqdiv
DA:19,0
FNF:2
FNH:0
LF:2
LH:0
BRF:0
BRH:0
end_of_record
TN:
SF:src/libraries/UniswapV2Library.sol
FN:13,UniswapV2Library.sortTokens
FNDA:85,UniswapV2Library.sortTokens
DA:17,85
BRDA:17,0,0,-
BRDA:17,0,1,85
DA:18,85
DA:21,85
BRDA:21,1,0,-
BRDA:21,1,1,85
FN:25,UniswapV2Library.pairFor
FNDA:53,UniswapV2Library.pairFor
DA:30,53
DA:31,53
FN:48,UniswapV2Library.getReserves
FNDA:22,UniswapV2Library.getReserves
DA:53,22
DA:54,22
DA:57,22
FN:63,UniswapV2Library.quote
FNDA:7,UniswapV2Library.quote
DA:68,7
BRDA:68,2,0,-
BRDA:68,2,1,7
DA:69,7
BRDA:69,3,0,-
BRDA:69,3,1,7
DA:73,7
FN:77,UniswapV2Library.getAmountOut
FNDA:2,UniswapV2Library.getAmountOut
DA:82,2
BRDA:82,4,0,-
BRDA:82,4,1,2
DA:83,2
BRDA:83,5,0,-
BRDA:83,5,1,2
DA:87,2
DA:88,2
DA:89,2
DA:90,2
FN:94,UniswapV2Library.getAmountIn
FNDA:2,UniswapV2Library.getAmountIn
DA:99,2
BRDA:99,6,0,-
BRDA:99,6,1,2
DA:100,2
BRDA:100,7,0,-
BRDA:100,7,1,2
DA:104,2
DA:105,2
DA:106,2
FN:110,UniswapV2Library.getAmountsOut
FNDA:1,UniswapV2Library.getAmountsOut
DA:115,1
BRDA:115,8,0,-
BRDA:115,8,1,1
DA:116,1
DA:117,1
DA:118,1
DA:119,2
DA:124,2
FN:129,UniswapV2Library.getAmountsIn
FNDA:1,UniswapV2Library.getAmountsIn
DA:134,1
BRDA:134,9,0,-
BRDA:134,9,1,1
DA:135,1
DA:136,1
DA:137,1
DA:138,2
DA:143,2
FNF:8
FNH:8
LF:34
LH:34
BRF:20
BRH:10
end_of_record
TN:
SF:test/BaseSetup.t.sol
FN:27,BaseSetup.setUp
FNDA:0,BaseSetup.setUp
DA:28,0
DA:29,0
DA:31,0
DA:32,0
DA:33,0
DA:34,0
DA:36,0
DA:37,0
DA:41,0
DA:42,0
DA:43,0
FNF:1
FNH:0
LF:11
LH:0
BRF:0
BRH:0
end_of_record
TN:
SF:test/Pair1.t.sol
FN:486,TestUser.provideLiquidity
FNDA:1,TestUser.provideLiquidity
DA:493,1
DA:494,1
DA:496,1
FN:499,TestUser.removeLiquidity
FNDA:1,TestUser.removeLiquidity
DA:500,1
DA:501,1
DA:502,1
FN:511,Flashloaner.flashloan
FNDA:0,Flashloaner.flashloan
DA:517,0
BRDA:517,0,0,-
BRDA:517,0,1,-
DA:518,0
DA:520,0
BRDA:520,1,0,-
BRDA:520,1,1,-
DA:521,0
DA:524,0
FN:532,Flashloaner.UniswapV2Call
FNDA:0,Flashloaner.UniswapV2Call
DA:538,0
DA:539,0
DA:541,0
BRDA:541,2,0,-
BRDA:541,2,1,-
DA:543,0
FNF:4
FNH:2
LF:15
LH:6
BRF:6
BRH:0
end_of_record
TN:
SF:test/utils/Console.sol
FN:9,console._sendLogPayload
FNDA:0,console._sendLogPayload
DA:10,0
DA:11,0
FN:25,console.log
FNDA:0,console.log
DA:26,0
FN:29,console.logInt
FNDA:0,console.logInt
DA:30,0
FN:33,console.logUint
FNDA:0,console.logUint
DA:34,0
FN:37,console.logString
FNDA:0,console.logString
DA:38,0
FN:41,console.logBool
FNDA:0,console.logBool
DA:42,0
FN:45,console.logAddress
FNDA:0,console.logAddress
DA:46,0
FN:49,console.logBytes
FNDA:0,console.logBytes
DA:50,0
FN:53,console.logBytes1
FNDA:0,console.logBytes1
DA:54,0
FN:57,console.logBytes2
FNDA:0,console.logBytes2
DA:58,0
FN:61,console.logBytes3
FNDA:0,console.logBytes3
DA:62,0
FN:65,console.logBytes4
FNDA:0,console.logBytes4
DA:66,0
FN:69,console.logBytes5
FNDA:0,console.logBytes5
DA:70,0
FN:73,console.logBytes6
FNDA:0,console.logBytes6
DA:74,0
FN:77,console.logBytes7
FNDA:0,console.logBytes7
DA:78,0
FN:81,console.logBytes8
FNDA:0,console.logBytes8
DA:82,0
FN:85,console.logBytes9
FNDA:0,console.logBytes9
DA:86,0
FN:89,console.logBytes10
FNDA:0,console.logBytes10
DA:90,0
FN:93,console.logBytes11
FNDA:0,console.logBytes11
DA:94,0
FN:97,console.logBytes12
FNDA:0,console.logBytes12
DA:98,0
FN:101,console.logBytes13
FNDA:0,console.logBytes13
DA:102,0
FN:105,console.logBytes14
FNDA:0,console.logBytes14
DA:106,0
FN:109,console.logBytes15
FNDA:0,console.logBytes15
DA:110,0
FN:113,console.logBytes16
FNDA:0,console.logBytes16
DA:114,0
FN:117,console.logBytes17
FNDA:0,console.logBytes17
DA:118,0
FN:121,console.logBytes18
FNDA:0,console.logBytes18
DA:122,0
FN:125,console.logBytes19
FNDA:0,console.logBytes19
DA:126,0
FN:129,console.logBytes20
FNDA:0,console.logBytes20
DA:130,0
FN:133,console.logBytes21
FNDA:0,console.logBytes21
DA:134,0
FN:137,console.logBytes22
FNDA:0,console.logBytes22
DA:138,0
FN:141,console.logBytes23
FNDA:0,console.logBytes23
DA:142,0
FN:145,console.logBytes24
FNDA:0,console.logBytes24
DA:146,0
FN:149,console.logBytes25
FNDA:0,console.logBytes25
DA:150,0
FN:153,console.logBytes26
FNDA:0,console.logBytes26
DA:154,0
FN:157,console.logBytes27
FNDA:0,console.logBytes27
DA:158,0
FN:161,console.logBytes28
FNDA:0,console.logBytes28
DA:162,0
FN:165,console.logBytes29
FNDA:0,console.logBytes29
DA:166,0
FN:169,console.logBytes30
FNDA:0,console.logBytes30
DA:170,0
FN:173,console.logBytes31
FNDA:0,console.logBytes31
DA:174,0
FN:177,console.logBytes32
FNDA:0,console.logBytes32
DA:178,0
FN:181,console.log
FNDA:0,console.log
DA:182,0
DA:183,0
DA:185,0
FN:190,console.log
FNDA:0,console.log
DA:191,0
FN:194,console.log
FNDA:0,console.log
DA:195,0
DA:196,0
DA:198,0
FN:203,console.log
FNDA:0,console.log
DA:204,0
FN:207,console.log
FNDA:0,console.log
DA:208,0
DA:209,0
DA:211,0
FN:216,console.log
FNDA:0,console.log
DA:217,0
FN:220,console.log
FNDA:0,console.log
DA:221,0
DA:222,0
DA:224,0
FN:229,console.log
FNDA:0,console.log
DA:230,0
FN:233,console.log
FNDA:0,console.log
DA:234,0
DA:235,0
DA:237,0
FN:242,console.log
FNDA:0,console.log
DA:243,0
FN:246,console.log
FNDA:0,console.log
DA:247,0
FN:250,console.log
FNDA:0,console.log
DA:251,0
FN:254,console.log
FNDA:0,console.log
DA:255,0
FN:258,console.log
FNDA:0,console.log
DA:259,0
FN:262,console.log
FNDA:0,console.log
DA:263,0
FN:266,console.log
FNDA:0,console.log
DA:267,0
FN:270,console.log
FNDA:0,console.log
DA:271,0
FN:274,console.log
FNDA:0,console.log
DA:275,0
FN:278,console.log
FNDA:0,console.log
DA:279,0
FN:282,console.log
FNDA:0,console.log
DA:283,0
FN:286,console.log
FNDA:0,console.log
DA:287,0
FN:290,console.log
FNDA:0,console.log
DA:291,0
FN:294,console.log
FNDA:0,console.log
DA:295,0
FN:298,console.log
FNDA:0,console.log
DA:299,0
FN:302,console.log
FNDA:0,console.log
DA:303,0
FN:308,console.log
FNDA:0,console.log
DA:309,0
FN:314,console.log
FNDA:0,console.log
DA:315,0
FN:320,console.log
FNDA:0,console.log
DA:321,0
FN:326,console.log
FNDA:0,console.log
DA:327,0
FN:332,console.log
FNDA:0,console.log
DA:333,0
FN:338,console.log
FNDA:0,console.log
DA:339,0
FN:344,console.log
FNDA:0,console.log
DA:345,0
FN:350,console.log
FNDA:0,console.log
DA:351,0
FN:356,console.log
FNDA:0,console.log
DA:357,0
FN:362,console.log
FNDA:0,console.log
DA:363,0
FN:368,console.log
FNDA:0,console.log
DA:369,0
FN:374,console.log
FNDA:0,console.log
DA:375,0
FN:380,console.log
FNDA:0,console.log
DA:381,0
FN:386,console.log
FNDA:0,console.log
DA:387,0
FN:392,console.log
FNDA:0,console.log
DA:393,0
FN:398,console.log
FNDA:0,console.log
DA:399,0
FN:404,console.log
FNDA:0,console.log
DA:405,0
FN:410,console.log
FNDA:0,console.log
DA:411,0
FN:416,console.log
FNDA:0,console.log
DA:417,0
FN:422,console.log
FNDA:0,console.log
DA:423,0
FN:428,console.log
FNDA:0,console.log
DA:429,0
FN:434,console.log
FNDA:0,console.log
DA:439,0
FN:444,console.log
FNDA:0,console.log
DA:445,0
FN:450,console.log
FNDA:0,console.log
DA:451,0
FN:456,console.log
FNDA:0,console.log
DA:457,0
FN:462,console.log
FNDA:0,console.log
DA:463,0
FN:468,console.log
FNDA:0,console.log
DA:469,0
FN:474,console.log
FNDA:0,console.log
DA:475,0
FN:480,console.log
FNDA:0,console.log
DA:481,0
FN:486,console.log
FNDA:0,console.log
DA:487,0
FN:492,console.log
FNDA:0,console.log
DA:493,0
FN:498,console.log
FNDA:0,console.log
DA:499,0
FN:504,console.log
FNDA:0,console.log
DA:505,0
FN:510,console.log
FNDA:0,console.log
DA:511,0
FN:516,console.log
FNDA:0,console.log
DA:517,0
FN:522,console.log
FNDA:0,console.log
DA:523,0
FN:528,console.log
FNDA:0,console.log
DA:529,0
FN:534,console.log
FNDA:0,console.log
DA:535,0
FN:540,console.log
FNDA:0,console.log
DA:541,0
FN:546,console.log
FNDA:0,console.log
DA:547,0
FN:552,console.log
FNDA:0,console.log
DA:553,0
FN:558,console.log
FNDA:0,console.log
DA:559,0
FN:564,console.log
FNDA:0,console.log
DA:565,0
FN:570,console.log
FNDA:0,console.log
DA:571,0
FN:576,console.log
FNDA:0,console.log
DA:577,0
FN:582,console.log
FNDA:0,console.log
DA:583,0
FN:588,console.log
FNDA:0,console.log
DA:589,0
FN:594,console.log
FNDA:0,console.log
DA:595,0
FN:600,console.log
FNDA:0,console.log
DA:601,0
FN:606,console.log
FNDA:0,console.log
DA:607,0
FN:612,console.log
FNDA:0,console.log
DA:613,0
FN:618,console.log
FNDA:0,console.log
DA:619,0
FN:624,console.log
FNDA:0,console.log
DA:625,0
FN:630,console.log
FNDA:0,console.log
DA:631,0
FN:636,console.log
FNDA:0,console.log
DA:637,0
FN:642,console.log
FNDA:0,console.log
DA:643,0
FN:648,console.log
FNDA:0,console.log
DA:649,0
FN:654,console.log
FNDA:0,console.log
DA:655,0
FN:660,console.log
FNDA:0,console.log
DA:661,0
FN:666,console.log
FNDA:0,console.log
DA:667,0
FN:672,console.log
FNDA:0,console.log
DA:673,0
FN:678,console.log
FNDA:0,console.log
DA:679,0
FN:684,console.log
FNDA:0,console.log
DA:685,0
FN:690,console.log
FNDA:0,console.log
DA:691,0
FN:696,console.log
FNDA:0,console.log
DA:697,0
FN:702,console.log
FNDA:0,console.log
DA:708,0
FN:719,console.log
FNDA:0,console.log
DA:720,0
FN:725,console.log
FNDA:0,console.log
DA:726,0
FN:737,console.log
FNDA:0,console.log
DA:743,0
FN:754,console.log
FNDA:0,console.log
DA:760,0
FN:771,console.log
FNDA:0,console.log
DA:777,0
FN:788,console.log
FNDA:0,console.log
DA:794,0
FN:805,console.log
FNDA:0,console.log
DA:806,0
FN:811,console.log
FNDA:0,console.log
DA:817,0
FN:828,console.log
FNDA:0,console.log
DA:829,0
FN:834,console.log
FNDA:0,console.log
DA:835,0
FN:846,console.log
FNDA:0,console.log
DA:847,0
FN:858,console.log
FNDA:0,console.log
DA:864,0
FN:875,console.log
FNDA:0,console.log
DA:876,0
FN:887,console.log
FNDA:0,console.log
DA:888,0
FN:899,console.log
FNDA:0,console.log
DA:905,0
FN:916,console.log
FNDA:0,console.log
DA:922,0
FN:933,console.log
FNDA:0,console.log
DA:939,0
FN:950,console.log
FNDA:0,console.log
DA:956,0
FN:967,console.log
FNDA:0,console.log
DA:973,0
FN:984,console.log
FNDA:0,console.log
DA:990,0
FN:1001,console.log
FNDA:0,console.log
DA:1007,0
FN:1018,console.log
FNDA:0,console.log
DA:1024,0
FN:1035,console.log
FNDA:0,console.log
DA:1041,0
FN:1052,console.log
FNDA:0,console.log
DA:1058,0
FN:1069,console.log
FNDA:0,console.log
DA:1070,0
FN:1081,console.log
FNDA:0,console.log
DA:1087,0
FN:1098,console.log
FNDA:0,console.log
DA:1104,0
FN:1115,console.log
FNDA:0,console.log
DA:1121,0
FN:1132,console.log
FNDA:0,console.log
DA:1138,0
FN:1149,console.log
FNDA:0,console.log
DA:1155,0
FN:1166,console.log
FNDA:0,console.log
DA:1167,0
FN:1172,console.log
FNDA:0,console.log
DA:1178,0
FN:1189,console.log
FNDA:0,console.log
DA:1190,0
FN:1195,console.log
FNDA:0,console.log
DA:1196,0
FN:1207,console.log
FNDA:0,console.log
DA:1213,0
FN:1224,console.log
FNDA:0,console.log
DA:1230,0
FN:1241,console.log
FNDA:0,console.log
DA:1242,0
FN:1253,console.log
FNDA:0,console.log
DA:1259,0
FN:1270,console.log
FNDA:0,console.log
DA:1271,0
FN:1276,console.log
FNDA:0,console.log
DA:1277,0
FN:1288,console.log
FNDA:0,console.log
DA:1289,0
FN:1294,console.log
FNDA:0,console.log
DA:1295,0
FN:1306,console.log
FNDA:0,console.log
DA:1307,0
FN:1318,console.log
FNDA:0,console.log
DA:1324,0
FN:1335,console.log
FNDA:0,console.log
DA:1336,0
FN:1347,console.log
FNDA:0,console.log
DA:1348,0
FN:1359,console.log
FNDA:0,console.log
DA:1360,0
FN:1371,console.log
FNDA:0,console.log
DA:1377,0
FN:1388,console.log
FNDA:0,console.log
DA:1389,0
FN:1400,console.log
FNDA:0,console.log
DA:1401,0
FN:1412,console.log
FNDA:0,console.log
DA:1418,0
FN:1429,console.log
FNDA:0,console.log
DA:1435,0
FN:1446,console.log
FNDA:0,console.log
DA:1452,0
FN:1463,console.log
FNDA:0,console.log
DA:1469,0
FN:1480,console.log
FNDA:0,console.log
DA:1481,0
FN:1492,console.log
FNDA:0,console.log
DA:1498,0
FN:1509,console.log
FNDA:0,console.log
DA:1510,0
FN:1521,console.log
FNDA:0,console.log
DA:1522,0
FN:1533,console.log
FNDA:0,console.log
DA:1534,0
FN:1545,console.log
FNDA:0,console.log
DA:1551,0
FN:1562,console.log
FNDA:0,console.log
DA:1563,0
FN:1574,console.log
FNDA:0,console.log
DA:1575,0
FN:1586,console.log
FNDA:0,console.log
DA:1592,0
FN:1603,console.log
FNDA:0,console.log
DA:1609,0
FN:1620,console.log
FNDA:0,console.log
DA:1626,0
FN:1637,console.log
FNDA:0,console.log
DA:1643,0
FN:1654,console.log
FNDA:0,console.log
DA:1660,0
FN:1671,console.log
FNDA:0,console.log
DA:1677,0
FN:1688,console.log
FNDA:0,console.log
DA:1694,0
FN:1705,console.log
FNDA:0,console.log
DA:1711,0
FN:1722,console.log
FNDA:0,console.log
DA:1728,0
FN:1739,console.log
FNDA:0,console.log
DA:1745,0
FN:1756,console.log
FNDA:0,console.log
DA:1757,0
FN:1768,console.log
FNDA:0,console.log
DA:1774,0
FN:1785,console.log
FNDA:0,console.log
DA:1791,0
FN:1802,console.log
FNDA:0,console.log
DA:1808,0
FN:1819,console.log
FNDA:0,console.log
DA:1825,0
FN:1836,console.log
FNDA:0,console.log
DA:1842,0
FN:1853,console.log
FNDA:0,console.log
DA:1859,0
FN:1870,console.log
FNDA:0,console.log
DA:1876,0
FN:1887,console.log
FNDA:0,console.log
DA:1893,0
FN:1904,console.log
FNDA:0,console.log
DA:1910,0
FN:1921,console.log
FNDA:0,console.log
DA:1927,0
FN:1938,console.log
FNDA:0,console.log
DA:1944,0
FN:1955,console.log
FNDA:0,console.log
DA:1961,0
FN:1972,console.log
FNDA:0,console.log
DA:1978,0
FN:1989,console.log
FNDA:0,console.log
DA:1995,0
FN:2006,console.log
FNDA:0,console.log
DA:2012,0
FN:2023,console.log
FNDA:0,console.log
DA:2029,0
FN:2040,console.log
FNDA:0,console.log
DA:2046,0
FN:2057,console.log
FNDA:0,console.log
DA:2063,0
FN:2074,console.log
FNDA:0,console.log
DA:2080,0
FN:2091,console.log
FNDA:0,console.log
DA:2097,0
FN:2108,console.log
FNDA:0,console.log
DA:2114,0
FN:2125,console.log
FNDA:0,console.log
DA:2131,0
FN:2142,console.log
FNDA:0,console.log
DA:2148,0
FN:2159,console.log
FNDA:0,console.log
DA:2160,0
FN:2171,console.log
FNDA:0,console.log
DA:2177,0
FN:2188,console.log
FNDA:0,console.log
DA:2194,0
FN:2205,console.log
FNDA:0,console.log
DA:2211,0
FN:2222,console.log
FNDA:0,console.log
DA:2228,0
FN:2239,console.log
FNDA:0,console.log
DA:2245,0
FN:2256,console.log
FNDA:0,console.log
DA:2257,0
FN:2268,console.log
FNDA:0,console.log
DA:2274,0
FN:2285,console.log
FNDA:0,console.log
DA:2286,0
FN:2297,console.log
FNDA:0,console.log
DA:2298,0
FN:2309,console.log
FNDA:0,console.log
DA:2315,0
FN:2326,console.log
FNDA:0,console.log
DA:2332,0
FN:2343,console.log
FNDA:0,console.log
DA:2344,0
FN:2355,console.log
FNDA:0,console.log
DA:2361,0
FN:2372,console.log
FNDA:0,console.log
DA:2378,0
FN:2389,console.log
FNDA:0,console.log
DA:2395,0
FN:2406,console.log
FNDA:0,console.log
DA:2412,0
FN:2423,console.log
FNDA:0,console.log
DA:2429,0
FN:2440,console.log
FNDA:0,console.log
DA:2446,0
FN:2457,console.log
FNDA:0,console.log
DA:2463,0
FN:2474,console.log
FNDA:0,console.log
DA:2480,0
FN:2491,console.log
FNDA:0,console.log
DA:2497,0
FN:2508,console.log
FNDA:0,console.log
DA:2514,0
FN:2525,console.log
FNDA:0,console.log
DA:2531,0
FN:2542,console.log
FNDA:0,console.log
DA:2543,0
FN:2554,console.log
FNDA:0,console.log
DA:2560,0
FN:2571,console.log
FNDA:0,console.log
DA:2577,0
FN:2588,console.log
FNDA:0,console.log
DA:2594,0
FN:2605,console.log
FNDA:0,console.log
DA:2611,0
FN:2622,console.log
FNDA:0,console.log
DA:2628,0
FN:2639,console.log
FNDA:0,console.log
DA:2640,0
FN:2645,console.log
FNDA:0,console.log
DA:2651,0
FN:2662,console.log
FNDA:0,console.log
DA:2663,0
FN:2668,console.log
FNDA:0,console.log
DA:2669,0
FN:2680,console.log
FNDA:0,console.log
DA:2686,0
FN:2697,console.log
FNDA:0,console.log
DA:2703,0
FN:2714,console.log
FNDA:0,console.log
DA:2715,0
FN:2726,console.log
FNDA:0,console.log
DA:2732,0
FN:2743,console.log
FNDA:0,console.log
DA:2744,0
FN:2749,console.log
FNDA:0,console.log
DA:2750,0
FN:2761,console.log
FNDA:0,console.log
DA:2762,0
FN:2767,console.log
FNDA:0,console.log
DA:2768,0
FN:2779,console.log
FNDA:0,console.log
DA:2780,0
FN:2791,console.log
FNDA:0,console.log
DA:2797,0
FN:2808,console.log
FNDA:0,console.log
DA:2809,0
FN:2820,console.log
FNDA:0,console.log
DA:2821,0
FN:2832,console.log
FNDA:0,console.log
DA:2838,0
FN:2849,console.log
FNDA:0,console.log
DA:2855,0
FN:2866,console.log
FNDA:0,console.log
DA:2867,0
FN:2878,console.log
FNDA:0,console.log
DA:2884,0
FN:2895,console.log
FNDA:0,console.log
DA:2901,0
FN:2912,console.log
FNDA:0,console.log
DA:2918,0
FN:2929,console.log
FNDA:0,console.log
DA:2935,0
FN:2946,console.log
FNDA:0,console.log
DA:2952,0
FN:2963,console.log
FNDA:0,console.log
DA:2964,0
FN:2975,console.log
FNDA:0,console.log
DA:2981,0
FN:2992,console.log
FNDA:0,console.log
DA:2993,0
FN:3004,console.log
FNDA:0,console.log
DA:3005,0
FN:3016,console.log
FNDA:0,console.log
DA:3022,0
FN:3033,console.log
FNDA:0,console.log
DA:3039,0
FN:3050,console.log
FNDA:0,console.log
DA:3051,0
FN:3062,console.log
FNDA:0,console.log
DA:3068,0
FN:3079,console.log
FNDA:0,console.log
DA:3080,0
FN:3085,console.log
FNDA:0,console.log
DA:3086,0
FN:3097,console.log
FNDA:0,console.log
DA:3098,0
FN:3103,console.log
FNDA:0,console.log
DA:3104,0
FN:3115,console.log
FNDA:0,console.log
DA:3116,0
FN:3127,console.log
FNDA:0,console.log
DA:3133,0
FN:3144,console.log
FNDA:0,console.log
DA:3145,0
FN:3156,console.log
FNDA:0,console.log
DA:3157,0
FN:3168,console.log
FNDA:0,console.log
DA:3169,0
FN:3174,console.log
FNDA:0,console.log
DA:3175,0
FN:3186,console.log
FNDA:0,console.log
DA:3187,0
FN:3192,console.log
FNDA:0,console.log
DA:3193,0
FN:3204,console.log
FNDA:0,console.log
DA:3205,0
FN:3216,console.log
FNDA:0,console.log
DA:3217,0
FN:3228,console.log
FNDA:0,console.log
DA:3229,0
FN:3240,console.log
FNDA:0,console.log
DA:3241,0
FN:3252,console.log
FNDA:0,console.log
DA:3253,0
FN:3264,console.log
FNDA:0,console.log
DA:3270,0
FN:3281,console.log
FNDA:0,console.log
DA:3282,0
FN:3293,console.log
FNDA:0,console.log
DA:3294,0
FN:3305,console.log
FNDA:0,console.log
DA:3311,0
FN:3322,console.log
FNDA:0,console.log
DA:3328,0
FN:3339,console.log
FNDA:0,console.log
DA:3340,0
FN:3351,console.log
FNDA:0,console.log
DA:3357,0
FN:3368,console.log
FNDA:0,console.log
DA:3369,0
FN:3380,console.log
FNDA:0,console.log
DA:3381,0
FN:3392,console.log
FNDA:0,console.log
DA:3393,0
FN:3404,console.log
FNDA:0,console.log
DA:3405,0
FN:3416,console.log
FNDA:0,console.log
DA:3417,0
FN:3428,console.log
FNDA:0,console.log
DA:3434,0
FN:3445,console.log
FNDA:0,console.log
DA:3446,0
FN:3457,console.log
FNDA:0,console.log
DA:3458,0
FN:3469,console.log
FNDA:0,console.log
DA:3470,0
FN:3481,console.log
FNDA:0,console.log
DA:3487,0
FN:3498,console.log
FNDA:0,console.log
DA:3499,0
FN:3510,console.log
FNDA:0,console.log
DA:3511,0
FN:3522,console.log
FNDA:0,console.log
DA:3528,0
FN:3539,console.log
FNDA:0,console.log
DA:3545,0
FN:3556,console.log
FNDA:0,console.log
DA:3562,0
FN:3573,console.log
FNDA:0,console.log
DA:3579,0
FN:3590,console.log
FNDA:0,console.log
DA:3591,0
FN:3602,console.log
FNDA:0,console.log
DA:3608,0
FN:3619,console.log
FNDA:0,console.log
DA:3620,0
FN:3631,console.log
FNDA:0,console.log
DA:3632,0
FN:3643,console.log
FNDA:0,console.log
DA:3644,0
FN:3655,console.log
FNDA:0,console.log
DA:3661,0
FN:3672,console.log
FNDA:0,console.log
DA:3673,0
FN:3684,console.log
FNDA:0,console.log
DA:3685,0
FN:3696,console.log
FNDA:0,console.log
DA:3702,0
FN:3713,console.log
FNDA:0,console.log
DA:3719,0
FN:3730,console.log
FNDA:0,console.log
DA:3736,0
FN:3747,console.log
FNDA:0,console.log
DA:3753,0
FN:3764,console.log
FNDA:0,console.log
DA:3770,0
FN:3781,console.log
FNDA:0,console.log
DA:3787,0
FN:3798,console.log
FNDA:0,console.log
DA:3804,0
FN:3815,console.log
FNDA:0,console.log
DA:3821,0
FN:3832,console.log
FNDA:0,console.log
DA:3838,0
FN:3849,console.log
FNDA:0,console.log
DA:3855,0
FN:3866,console.log
FNDA:0,console.log
DA:3867,0
FN:3878,console.log
FNDA:0,console.log
DA:3884,0
FN:3895,console.log
FNDA:0,console.log
DA:3901,0
FN:3912,console.log
FNDA:0,console.log
DA:3918,0
FN:3929,console.log
FNDA:0,console.log
DA:3935,0
FN:3946,console.log
FNDA:0,console.log
DA:3952,0
FN:3963,console.log
FNDA:0,console.log
DA:3964,0
FN:3975,console.log
FNDA:0,console.log
DA:3981,0
FN:3992,console.log
FNDA:0,console.log
DA:3993,0
FN:4004,console.log
FNDA:0,console.log
DA:4005,0
FN:4016,console.log
FNDA:0,console.log
DA:4022,0
FN:4033,console.log
FNDA:0,console.log
DA:4039,0
FN:4050,console.log
FNDA:0,console.log
DA:4051,0
FN:4062,console.log
FNDA:0,console.log
DA:4068,0
FN:4079,console.log
FNDA:0,console.log
DA:4080,0
FN:4091,console.log
FNDA:0,console.log
DA:4092,0
FN:4103,console.log
FNDA:0,console.log
DA:4104,0
FN:4115,console.log
FNDA:0,console.log
DA:4116,0
FN:4127,console.log
FNDA:0,console.log
DA:4128,0
FN:4139,console.log
FNDA:0,console.log
DA:4145,0
FN:4156,console.log
FNDA:0,console.log
DA:4157,0
FN:4168,console.log
FNDA:0,console.log
DA:4169,0
FN:4180,console.log
FNDA:0,console.log
DA:4181,0
FN:4192,console.log
FNDA:0,console.log
DA:4198,0
FN:4209,console.log
FNDA:0,console.log
DA:4210,0
FN:4221,console.log
FNDA:0,console.log
DA:4222,0
FN:4233,console.log
FNDA:0,console.log
DA:4239,0
FN:4250,console.log
FNDA:0,console.log
DA:4256,0
FN:4267,console.log
FNDA:0,console.log
DA:4273,0
FN:4284,console.log
FNDA:0,console.log
DA:4290,0
FN:4301,console.log
FNDA:0,console.log
DA:4302,0
FN:4313,console.log
FNDA:0,console.log
DA:4319,0
FN:4330,console.log
FNDA:0,console.log
DA:4331,0
FN:4342,console.log
FNDA:0,console.log
DA:4343,0
FN:4354,console.log
FNDA:0,console.log
DA:4355,0
FN:4366,console.log
FNDA:0,console.log
DA:4372,0
FN:4383,console.log
FNDA:0,console.log
DA:4384,0
FN:4395,console.log
FNDA:0,console.log
DA:4396,0
FNF:385
FNH:0
LF:396
LH:0
BRF:0
BRH:0
end_of_record
TN:
SF:test/utils/Context.sol
FN:17,Context._msgSender
FNDA:180,Context._msgSender
DA:18,180
FN:21,Context._msgData
FNDA:0,Context._msgData
DA:22,0
FNF:2
FNH:1
LF:2
LH:1
BRF:0
BRH:0
end_of_record
TN:
SF:test/utils/ERC20.sol
FN:61,ERC20.name
FNDA:0,ERC20.name
DA:62,0
FN:69,ERC20.symbol
FNDA:0,ERC20.symbol
DA:70,0
FN:86,ERC20.decimals
FNDA:0,ERC20.decimals
DA:87,0
FN:93,ERC20.totalSupply
FNDA:0,ERC20.totalSupply
DA:94,0
FN:100,ERC20.balanceOf
FNDA:233,ERC20.balanceOf
DA:103,233
FN:114,ERC20.transfer
FNDA:112,ERC20.transfer
DA:118,112
DA:119,112
DA:120,112
FN:126,ERC20.allowance
FNDA:0,ERC20.allowance
DA:130,34
FN:143,ERC20.approve
FNDA:34,ERC20.approve
DA:147,34
DA:148,34
DA:149,34
FN:168,ERC20.transferFrom
FNDA:34,ERC20.transferFrom
DA:173,34
DA:174,34
DA:175,34
DA:176,34
FN:191,ERC20.increaseAllowance
FNDA:0,ERC20.increaseAllowance
DA:195,0
DA:196,0
DA:197,0
FN:214,ERC20.decreaseAllowance
FNDA:0,ERC20.decreaseAllowance
DA:218,0
DA:219,0
DA:220,0
BRDA:220,0,0,-
BRDA:220,0,1,-
DA:225,0
DA:228,0
FN:245,ERC20._transfer
FNDA:146,ERC20._transfer
DA:250,146
BRDA:250,1,0,-
BRDA:250,1,1,146
DA:251,146
BRDA:251,2,0,-
BRDA:251,2,1,146
DA:253,146
DA:255,146
DA:256,146
BRDA:256,3,0,-
BRDA:256,3,1,146
DA:261,146
DA:264,146
DA:267,146
DA:269,146
FN:272,ERC20.mint
FNDA:0,ERC20.mint
DA:273,0
FN:276,ERC20.mint
FNDA:0,ERC20.mint
DA:277,0
FN:292,ERC20._mint
FNDA:0,ERC20._mint
DA:293,0
BRDA:293,4,0,-
BRDA:293,4,1,-
DA:295,0
DA:297,0
DA:300,0
DA:302,0
DA:304,0
FN:318,ERC20._burn
FNDA:0,ERC20._burn
DA:319,0
BRDA:319,5,0,-
BRDA:319,5,1,-
DA:321,0
DA:323,0
DA:324,0
BRDA:324,6,0,-
BRDA:324,6,1,-
DA:326,0
DA:328,0
DA:331,0
DA:333,0
FN:349,ERC20._approve
FNDA:58,ERC20._approve
DA:354,58
BRDA:354,7,0,-
BRDA:354,7,1,58
DA:355,58
BRDA:355,8,0,-
BRDA:355,8,1,58
DA:357,58
DA:358,58
FN:369,ERC20._spendAllowance
FNDA:34,ERC20._spendAllowance
DA:374,34
DA:375,34
BRDA:375,9,0,-
BRDA:375,9,1,24
DA:376,24
BRDA:376,10,0,-
BRDA:376,10,1,24
DA:381,24
FN:400,ERC20._beforeTokenTransfer
FNDA:146,ERC20._beforeTokenTransfer
FN:420,ERC20._afterTokenTransfer
FNDA:146,ERC20._afterTokenTransfer
FNF:20
FNH:9
LF:57
LH:29
BRF:22
BRH:7
end_of_record
TN:
SF:test/utils/Utils.sol
FN:11,Utils.getNextUserAddress
FNDA:0,Utils.getNextUserAddress
DA:12,0
DA:13,0
DA:14,0
FN:18,Utils.createUsers
FNDA:0,Utils.createUsers
DA:21,0
DA:22,0
DA:23,0
DA:24,0
DA:25,0
DA:28,0
FN:31,Utils.createTokens
FNDA:0,Utils.createTokens
DA:32,0
DA:33,0
DA:36,0
DA:38,0
FN:42,Utils.mineBlocks
FNDA:0,Utils.mineBlocks
DA:43,0
DA:44,0
FN:47,Utils.getPairByteCode
FNDA:0,Utils.getPairByteCode
DA:48,0
DA:50,0
DA:53,0
FN:56,Utils.uint2hexstr
FNDA:0,Utils.uint2hexstr
DA:57,0
BRDA:57,0,0,-
BRDA:57,0,1,-
DA:58,0
DA:59,0
DA:60,0
DA:61,0
DA:62,0
DA:64,0
DA:65,0
DA:66,0
DA:67,0
DA:68,0
DA:69,0
DA:72,0
DA:74,0
FNF:6
FNH:0
LF:32
LH:0
BRF:2
BRH:0
end_of_record
TN:
SF:test/utils/WETH10.sol
FN:65,WETH10._calculateDomainSeparator
FNDA:0,WETH10._calculateDomainSeparator
DA:68,0
FN:83,WETH10.DOMAIN_SEPARATOR
FNDA:0,WETH10.DOMAIN_SEPARATOR
DA:84,0
DA:86,0
DA:88,0
FN:95,WETH10.totalSupply
FNDA:0,WETH10.totalSupply
DA:96,0
FN:109,WETH10.deposit
FNDA:2,WETH10.deposit
DA:111,2
DA:112,2
FN:117,WETH10.depositTo
FNDA:0,WETH10.depositTo
DA:119,0
DA:120,0
FN:128,WETH10.depositToAndCall
FNDA:0,WETH10.depositToAndCall
DA:133,0
DA:134,0
DA:136,0
FN:141,WETH10.maxFlashLoan
FNDA:0,WETH10.maxFlashLoan
DA:144,0
FN:148,WETH10.flashFee
FNDA:0,WETH10.flashFee
DA:152,0
BRDA:152,0,0,-
BRDA:152,0,1,-
DA:153,0
FN:167,WETH10.flashLoan
FNDA:0,WETH10.flashLoan
DA:173,0
BRDA:173,1,0,-
BRDA:173,1,1,-
DA:174,0
BRDA:174,2,0,-
BRDA:174,2,1,-
DA:178,0
DA:179,0
BRDA:179,3,0,-
BRDA:179,3,1,-
DA:185,0
DA:186,0
DA:188,0
BRDA:188,4,0,-
BRDA:188,4,1,-
DA:195,0
DA:196,0
BRDA:196,5,0,-
BRDA:196,5,1,-
DA:197,0
BRDA:197,6,0,-
BRDA:197,6,1,-
DA:198,0
DA:199,0
DA:200,0
DA:204,0
DA:205,0
BRDA:205,7,0,-
BRDA:205,7,1,-
DA:206,0
DA:207,0
DA:209,0
DA:210,0
FN:217,WETH10.withdraw
FNDA:1,WETH10.withdraw
DA:219,1
DA:220,1
BRDA:220,8,0,-
BRDA:220,8,1,1
DA:221,1
DA:222,1
DA:225,1
DA:226,1
BRDA:226,9,0,-
BRDA:226,9,1,1
FN:233,WETH10.withdrawTo
FNDA:0,WETH10.withdrawTo
DA:235,0
DA:236,0
BRDA:236,10,0,-
BRDA:236,10,1,-
DA:237,0
DA:238,0
DA:241,0
DA:242,0
BRDA:242,11,0,-
BRDA:242,11,1,-
FN:252,WETH10.withdrawFrom
FNDA:0,WETH10.withdrawFrom
DA:257,0
BRDA:257,12,0,-
BRDA:257,12,1,-
DA:259,0
DA:260,0
BRDA:260,13,0,-
BRDA:260,13,1,-
DA:261,0
BRDA:261,14,0,-
BRDA:261,14,1,-
DA:262,0
DA:263,0
DA:264,0
DA:269,0
DA:270,0
BRDA:270,15,0,-
BRDA:270,15,1,-
DA:271,0
DA:272,0
DA:275,0
DA:276,0
BRDA:276,16,0,-
BRDA:276,16,1,-
FN:282,WETH10.approve
FNDA:0,WETH10.approve
DA:287,0
DA:288,0
DA:290,0
FN:298,WETH10.approveAndCall
FNDA:0,WETH10.approveAndCall
DA:304,0
DA:305,0
DA:307,0
FN:320,WETH10.permit
FNDA:0,WETH10.permit
DA:329,0
BRDA:329,17,0,-
BRDA:329,17,1,-
DA:331,0
DA:333,0
DA:336,0
DA:347,0
DA:357,0
DA:358,0
BRDA:358,18,0,-
BRDA:358,18,1,-
DA:364,0
DA:365,0
FN:374,WETH10.transfer
FNDA:3,WETH10.transfer
DA:379,3
BRDA:379,19,0,-
BRDA:379,19,1,3
DA:381,3
DA:382,3
BRDA:382,20,0,-
BRDA:382,20,1,3
DA:384,3
DA:385,3
DA:386,3
DA:389,0
DA:390,0
BRDA:390,21,0,-
BRDA:390,21,1,-
DA:391,0
DA:392,0
DA:394,0
DA:395,0
BRDA:395,22,0,-
BRDA:395,22,1,-
DA:398,3
FN:411,WETH10.transferFrom
FNDA:0,WETH10.transferFrom
DA:416,0
BRDA:416,23,0,-
BRDA:416,23,1,-
DA:418,0
DA:419,0
BRDA:419,24,0,-
BRDA:419,24,1,-
DA:420,0
BRDA:420,25,0,-
BRDA:420,25,1,-
DA:421,0
DA:422,0
DA:423,0
DA:428,0
BRDA:428,26,0,-
BRDA:428,26,1,-
DA:430,0
DA:431,0
BRDA:431,27,0,-
BRDA:431,27,1,-
DA:433,0
DA:434,0
DA:435,0
DA:438,0
DA:439,0
BRDA:439,28,0,-
BRDA:439,28,1,-
DA:440,0
DA:441,0
DA:443,0
DA:444,0
BRDA:444,29,0,-
BRDA:444,29,1,-
DA:447,0
FN:458,WETH10.transferAndCall
FNDA:0,WETH10.transferAndCall
DA:464,0
BRDA:464,30,0,-
BRDA:464,30,1,-
DA:466,0
DA:467,0
BRDA:467,31,0,-
BRDA:467,31,1,-
DA:469,0
DA:470,0
DA:471,0
DA:474,0
DA:475,0
BRDA:475,32,0,-
BRDA:475,32,1,-
DA:476,0
DA:477,0
DA:479,0
DA:480,0
BRDA:480,33,0,-
BRDA:480,33,1,-
DA:483,0
FNF:18
FNH:3
LF:120
LH:15
BRF:68
BRH:4
end_of_record
